#
# A fatal error has been detected by the Java Runtime Environment:
#
#  EXCEPTION_ACCESS_VIOLATION (0xc0000005) at pc=0x00007ff8690d1be9, pid=9080, tid=8736
#
# JRE version:  (18.0.2.1+1) (build )
# Java VM: Java HotSpot(TM) 64-Bit Server VM (18.0.2.1+1-1, mixed mode, sharing, tiered, unknown gc, windows-amd64)
# Problematic frame:
# C  [jimage.dll+0x1be9]
#
# No core dump will be written. Minidumps are not enabled by default on client versions of Windows
#
#

---------------  S U M M A R Y ------------

Command Line: 

Host: Intel(R) Core(TM) i3-4012Y CPU @ 1.50GHz, 4 cores, 3G,  Windows 8.1 , 64 bit Build 9600 (6.3.9600.20778)
Time: Tue Feb  7 02:22:23 2023 Pacific Standard Time elapsed time: 0.122869 seconds (0d 0h 0m 0s)

---------------  T H R E A D  ---------------

Current thread is native thread

Stack: [0x0000003f4e5c0000,0x0000003f4e6c0000],  sp=0x0000003f4e6bd950,  free space=1014k
Native frames: (J=compiled Java code, j=interpreted, Vv=VM code, C=native code)
C  [jimage.dll+0x1be9]
C  [jimage.dll+0x1d77]
C  [jimage.dll+0x2655]
V  [jvm.dll+0x20a36a]
V  [jvm.dll+0xbcfbe]
V  [jvm.dll+0x7a1b6c]
V  [jvm.dll+0x40dc3f]
V  [jvm.dll+0x40f611]
C  [jli.dll+0x526b]
C  [ucrtbase.DLL+0x1d912]
C  [KERNEL32.DLL+0x1412]
C  [ntdll.dll+0x15504]


siginfo: EXCEPTION_ACCESS_VIOLATION (0xc0000005), reading address 0x000000000001172c


Registers:
RAX=0x00000000000045c4, RBX=0x0000003f4e6bda41, RCX=0x00007ff8690d6000, RDX=0x00000000000045c4
RSP=0x0000003f4e6bd950, RBP=0x0000003f4e6bda40, RSI=0x0000000000007239, RDI=0x0000003f4e6bda40
R8 =0x00007ff8690d4288, R9 =0x000000000000001c, R10=0x00007ff86b890000, R11=0x00007ff8690d6000
R12=0x0000000000000000, R13=0x0000003f4e6bfe60, R14=0x0000003f4e6beab0, R15=0x00007ff855792628
RIP=0x00007ff8690d1be9, EFLAGS=0x0000000000010246

Top of Stack: (sp=0x0000003f4e6bd950)
0x0000003f4e6bd950:   0000000000000008 0000000000000002
0x0000003f4e6bd960:   00000000ea0003e9 00007ff872fbe824
0x0000003f4e6bd970:   0000003f4e5ab140 00007ff8690d1d77
0x0000003f4e6bd980:   000000000000000b 0000003f4e5ab140
0x0000003f4e6bd990:   000000000000000a 00000000000005e8
0x0000003f4e6bd9a0:   000000000000037f 0000003f4e4b0150
0x0000003f4e6bd9b0:   0000003f4e4b5040 0000003f4e4b0000
0x0000003f4e6bd9c0:   0000000000000008 00007ff872fd20bb
0x0000003f4e6bd9d0:   0000003f4e4b0150 0000003f4e5ab100
0x0000003f4e6bd9e0:   000087aa19cf850f 0000000000000825
0x0000003f4e6bd9f0:   00007ff855771cf0 0000000000000017
0x0000003f4e6bda00:   0000003f4e5ab140 0000003f4e6beab0
0x0000003f4e6bda10:   000000000000000b 00007ff8690d2655
0x0000003f4e6bda20:   0000003f5063cd80 0000000000000000
0x0000003f4e6bda30:   000100d5000003e9 0000000000010080
0x0000003f4e6bda40:   61622e6176616a2f 692f6b646a2f6573 

Instructions: (pc=0x00007ff8690d1be9)
0x00007ff8690d1ae9:   48 85 c9 74 1d 80 3d 1b 45 00 00 00 74 06 48 8b
0x00007ff8690d1af9:   53 18 eb 04 48 8b 53 40 e8 ae 0e 00 00 48 83 63
0x00007ff8690d1b09:   48 00 8b 4b 0c 83 f9 ff 74 09 e8 e4 0c 00 00 83
0x00007ff8690d1b19:   4b 0c ff 48 8b 4b 70 48 85 c9 74 0f ba 10 00 00
0x00007ff8690d1b29:   00 e8 fd 0e 00 00 48 83 63 70 00 48 83 c4 20 5b
0x00007ff8690d1b39:   c3 cc cc 40 53 48 83 ec 20 48 8b d9 48 8d 0d d4
0x00007ff8690d1b49:   46 00 00 e8 b3 0c 00 00 83 6b 08 01 75 24 48 8b
0x00007ff8690d1b59:   d3 48 8d 0d b7 44 00 00 e8 22 08 00 00 48 8b cb
0x00007ff8690d1b69:   e8 de fe ff ff ba 78 00 00 00 48 8b cb e8 b1 0e
0x00007ff8690d1b79:   00 00 48 8d 0d 9e 46 00 00 48 83 c4 20 5b e9 80
0x00007ff8690d1b89:   0c 00 00 48 89 5c 24 08 48 89 74 24 10 57 48 83
0x00007ff8690d1b99:   ec 20 41 8b f1 4d 8b c8 48 8b fa 4c 8b d9 4d 85
0x00007ff8690d1ba9:   c0 74 78 85 f6 74 74 44 8a 12 48 8d 5a 01 48 8b
0x00007ff8690d1bb9:   d3 b8 93 01 00 01 eb 12 69 c0 93 01 00 01 41 0f
0x00007ff8690d1bc9:   b6 ca 44 8a 12 33 c1 48 ff c2 45 84 d2 75 e9 4d
0x00007ff8690d1bd9:   8b 03 0f ba f0 1f 33 d2 49 8b cb f7 f6 48 63 c2
0x00007ff8690d1be9:   41 8b 14 81 41 ff 50 08 85 c0 7e 24 8a 0f eb 10
0x00007ff8690d1bf9:   69 c0 93 01 00 01 0f b6 c9 33 c1 8a 0b 48 ff c3
0x00007ff8690d1c09:   84 c9 75 ec 0f ba f0 1f 33 d2 f7 f6 8b c2 eb 0e
0x00007ff8690d1c19:   79 09 83 c9 ff 2b c8 8b c1 eb 03 83 c8 ff 48 8b
0x00007ff8690d1c29:   5c 24 30 48 8b 74 24 38 48 83 c4 20 5f c3 cc 48
0x00007ff8690d1c39:   89 5c 24 08 48 89 74 24 10 57 48 83 ec 20 48 8b
0x00007ff8690d1c49:   f1 48 8d 0d cf 45 00 00 e8 ae 0b 00 00 33 ff 39
0x00007ff8690d1c59:   3d ba 43 00 00 76 24 48 8b 05 b9 43 00 00 48 8b
0x00007ff8690d1c69:   d6 48 8b 1c f8 48 8b 0b e8 64 1e 00 00 85 c0 74
0x00007ff8690d1c79:   2b ff c7 3b 3d 96 43 00 00 72 dc 33 db 48 8d 0d
0x00007ff8690d1c89:   93 45 00 00 e8 7a 0b 00 00 48 8b 74 24 38 48 8b
0x00007ff8690d1c99:   c3 48 8b 5c 24 30 48 83 c4 20 5f c3 ff 43 08 eb
0x00007ff8690d1ca9:   dc cc cc 48 89 5c 24 08 48 89 74 24 10 57 48 83
0x00007ff8690d1cb9:   ec 20 48 8b d9 48 8b f2 48 8b 49 10 49 8b f8 8b
0x00007ff8690d1cc9:   53 30 48 8b 01 ff 50 20 4c 8b 43 50 48 8b d6 48
0x00007ff8690d1cd9:   8b 4b 10 44 8b c8 e8 a8 fe ff ff 83 f8 ff 74 38 



---------------  P R O C E S S  ---------------

VM state: not at safepoint (not fully initialized)

VM Mutex/Monitor currently owned by a thread: None

GC Precious Log:
<Not initialized>


Dynamic libraries:
0x00007ff655380000 - 0x00007ff655390000 	C:\Program Files\Java\jdk-18.0.2.1\bin\javaw.exe
0x00007ff872fa0000 - 0x00007ff87314d000 	C:\WINDOWS\SYSTEM32\ntdll.dll
0x00007ff8712b0000 - 0x00007ff8713ef000 	C:\WINDOWS\system32\KERNEL32.DLL
0x00007ff8704d0000 - 0x00007ff8705e4000 	C:\WINDOWS\system32\KERNELBASE.dll
0x00007ff86b9d0000 - 0x00007ff86b9e8000 	C:\Program Files\Java\jdk-18.0.2.1\bin\jli.dll
0x00007ff86b890000 - 0x00007ff86b8aa000 	C:\Program Files\Java\jdk-18.0.2.1\bin\VCRUNTIME140.dll
0x00007ff86e220000 - 0x00007ff86e224000 	C:\Program Files\Java\jdk-18.0.2.1\bin\api-ms-win-crt-stdio-l1-1-0.dll
0x00007ff86e100000 - 0x00007ff86e104000 	C:\Program Files\Java\jdk-18.0.2.1\bin\api-ms-win-crt-runtime-l1-1-0.dll
0x00007ff86e0a0000 - 0x00007ff86e0a3000 	C:\Program Files\Java\jdk-18.0.2.1\bin\api-ms-win-crt-environment-l1-1-0.dll
0x00007ff86bdd0000 - 0x00007ff86bdd5000 	C:\Program Files\Java\jdk-18.0.2.1\bin\api-ms-win-crt-math-l1-1-0.dll
0x00007ff86b9c0000 - 0x00007ff86b9c3000 	C:\Program Files\Java\jdk-18.0.2.1\bin\api-ms-win-crt-locale-l1-1-0.dll
0x00007ff86b8f0000 - 0x00007ff86b8f3000 	C:\Program Files\Java\jdk-18.0.2.1\bin\api-ms-win-crt-heap-l1-1-0.dll
0x00007ff870a90000 - 0x00007ff870b3d000 	C:\WINDOWS\system32\ADVAPI32.dll
0x00007ff86db10000 - 0x00007ff86dd8b000 	C:\WINDOWS\WinSxS\amd64_microsoft.windows.common-controls_6595b64144ccf1df_6.0.9600.19394_none_62486577ecb635cf\COMCTL32.dll
0x00007ff870fd0000 - 0x00007ff871147000 	C:\WINDOWS\system32\USER32.dll
0x00007ff869660000 - 0x00007ff86966a000 	C:\WINDOWS\SYSTEM32\VERSION.dll
0x00007ff86b8d0000 - 0x00007ff86b8d3000 	C:\Program Files\Java\jdk-18.0.2.1\bin\api-ms-win-crt-filesystem-l1-1-0.dll
0x00007ff86b5f0000 - 0x00007ff86b5f4000 	C:\Program Files\Java\jdk-18.0.2.1\bin\api-ms-win-crt-string-l1-1-0.dll
0x00007ff86acb0000 - 0x00007ff86acb4000 	C:\Program Files\Java\jdk-18.0.2.1\bin\api-ms-win-crt-convert-l1-1-0.dll
0x00007ff870b40000 - 0x00007ff870bea000 	C:\WINDOWS\system32\msvcrt.dll
0x00007ff872d20000 - 0x00007ff872d7b000 	C:\WINDOWS\SYSTEM32\sechost.dll
0x00007ff8713f0000 - 0x00007ff871525000 	C:\WINDOWS\system32\RPCRT4.dll
0x00007ff871540000 - 0x00007ff87168f000 	C:\WINDOWS\system32\GDI32.dll
0x00007ff8642a0000 - 0x00007ff86439a000 	C:\Program Files\Java\jdk-18.0.2.1\bin\ucrtbase.DLL
0x00007ff8705f0000 - 0x00007ff87061e000 	C:\WINDOWS\system32\SspiCli.dll
0x00007ff870f90000 - 0x00007ff870fc6000 	C:\WINDOWS\system32\IMM32.DLL
0x00007ff871150000 - 0x00007ff8712a1000 	C:\WINDOWS\system32\MSCTF.dll
0x00007ff869100000 - 0x00007ff86910c000 	C:\Program Files\Java\jdk-18.0.2.1\bin\vcruntime140_1.dll
0x00007ff868d30000 - 0x00007ff868dbd000 	C:\Program Files\Java\jdk-18.0.2.1\bin\msvcp140.dll
0x00007ff8690f0000 - 0x00007ff8690f3000 	C:\Program Files\Java\jdk-18.0.2.1\bin\api-ms-win-crt-time-l1-1-0.dll
0x00007ff8690e0000 - 0x00007ff8690e3000 	C:\Program Files\Java\jdk-18.0.2.1\bin\api-ms-win-crt-utility-l1-1-0.dll
0x00007ff854e90000 - 0x00007ff855aa1000 	C:\Program Files\Java\jdk-18.0.2.1\bin\server\jvm.dll
0x00007ff869060000 - 0x00007ff869069000 	C:\WINDOWS\SYSTEM32\WSOCK32.dll
0x00007ff867c90000 - 0x00007ff867cb2000 	C:\WINDOWS\SYSTEM32\WINMM.dll
0x00007ff871700000 - 0x00007ff871707000 	C:\WINDOWS\system32\PSAPI.DLL
0x00007ff870850000 - 0x00007ff8708aa000 	C:\WINDOWS\system32\WS2_32.dll
0x00007ff867c60000 - 0x00007ff867c8a000 	C:\WINDOWS\SYSTEM32\WINMMBASE.dll
0x00007ff871530000 - 0x00007ff871539000 	C:\WINDOWS\system32\NSI.dll
0x00007ff8703d0000 - 0x00007ff87041f000 	C:\WINDOWS\SYSTEM32\cfgmgr32.dll
0x00007ff86ee90000 - 0x00007ff86eeb8000 	C:\WINDOWS\SYSTEM32\DEVOBJ.dll
0x00007ff8690d0000 - 0x00007ff8690da000 	C:\Program Files\Java\jdk-18.0.2.1\bin\jimage.dll
0x00007ff867ad0000 - 0x00007ff867c5a000 	C:\WINDOWS\SYSTEM32\DBGHELP.DLL

dbghelp: loaded successfully - version: 4.0.5 - missing functions: none
symbol engine: initialized successfully - sym options: 0x614 - pdb path: .;C:\Program Files\Java\jdk-18.0.2.1\bin;C:\WINDOWS\SYSTEM32;C:\WINDOWS\WinSxS\amd64_microsoft.windows.common-controls_6595b64144ccf1df_6.0.9600.19394_none_62486577ecb635cf;C:\Program Files\Java\jdk-18.0.2.1\bin\server

VM Arguments:
java_command: <unknown>
java_class_path (initial): <not set>
Launcher Type: SUN_STANDARD

[Global flags]
     bool UseLargePagesIndividualAllocation        = false                                  {pd product} {ergonomic}

Logging:
Log output configuration:
 #0: stdout all=warning uptime,level,tags foldmultilines=false
 #1: stderr all=off uptime,level,tags foldmultilines=false

Environment Variables:
PATH=C:\oraclexe\app\oracle\product\11.2.0\server\bin;;C:\Program Files\Common Files\Oracle\Java\javapath;C:\Program Files (x86)\Intel\iCLS Client\;C:\Program Files\Intel\iCLS Client\;C:\WINDOWS\system32;C:\WINDOWS;C:\WINDOWS\System32\Wbem;C:\WINDOWS\System32\WindowsPowerShell\v1.0\;C:\Program Files\Intel\Intel(R) Management Engine Components\DAL;C:\Program Files\Intel\Intel(R) Management Engine Components\IPT;C:\Program Files (x86)\Intel\Intel(R) Management Engine Components\DAL;C:\Program Files (x86)\Intel\Intel(R) Management Engine Components\IPT;;C:\Users\rutuja\AppData\Local\Programs\Microsoft VS Code\bin
USERNAME=rutuja
OS=Windows_NT
PROCESSOR_IDENTIFIER=Intel64 Family 6 Model 69 Stepping 1, GenuineIntel



---------------  S Y S T E M  ---------------

OS:
 Windows 8.1 , 64 bit Build 9600 (6.3.9600.20778)
OS uptime: 7 days 8:51 hours

CPU: total 4 (initial active 0) 

Memory: 4k page, system-wide physical 4003M (941M free)
TotalPageFile size 7075M (AvailPageFile size 0M)
current process WorkingSet (physical memory assigned to process): 6M, peak: 6M
current process commit charge ("private bytes"): 3M, peak: 3M

vm_info: Java HotSpot(TM) 64-Bit Server VM (18.0.2.1+1-1) for windows-amd64 JRE (18.0.2.1+1-1), built on Aug 16 2022 01:46:33 by "mach5one" with MS VC++ 16.8 / 16.9 (VS2019)

END.
